<?xml version="1.0" encoding="UTF-8"?>
<!-- Generated by org.testng.reporters.JUnitReportReporter -->
<testsuite hostname="Srinivas" failures="0" tests="5" name="com.testng.Experiment_2" time="0.020" errors="0" timestamp="2021-12-20T16:25:34 IST" skipped="0">
  <testcase classname="com.testng.Experiment_2" name="ee5" time="0.001"/>
  <system-out/>
  <testcase classname="com.testng.Experiment_2" name="ee1" time="0.013"/>
  <system-out/>
  <testcase classname="com.testng.Experiment_2" name="ee2" time="0.002"/>
  <system-out/>
  <testcase classname="com.testng.Experiment_2" name="ee4" time="0.002"/>
  <system-out/>
  <testcase classname="com.testng.Experiment_2" name="ee3" time="0.002"/>
  <system-out/>
</testsuite> <!-- com.testng.Experiment_2 -->
