<?xml version="1.0" encoding="UTF-8"?>
<!-- Generated by org.testng.reporters.JUnitReportReporter -->
<testsuite hostname="Srinivas" failures="0" tests="4" name="com.testng.Temp" time="0.015" errors="0" timestamp="2022-01-29T16:25:12 IST" skipped="0">
  <testcase classname="com.testng.Temp" name="m1" time="0.011"/>
  <system-out/>
  <testcase classname="com.testng.Temp" name="m2" time="0.002"/>
  <system-out/>
  <testcase classname="com.testng.Temp" name="m3" time="0.001"/>
  <system-out/>
  <testcase classname="com.testng.Temp" name="m5" time="0.001"/>
  <system-out/>
</testsuite> <!-- com.testng.Temp -->
