<?xml version="1.0" encoding="UTF-8"?>
<!-- Generated by org.testng.reporters.JUnitReportReporter -->
<testsuite hostname="Srinivas" failures="0" tests="5" name="com.testing.BTech" time="0.044" errors="0" timestamp="2021-11-06T20:44:13 IST" skipped="0">
  <testcase classname="com.testing.BTech" name="eee" time="0.003"/>
  <system-out/>
  <testcase classname="com.testing.BTech" name="cse" time="0.006"/>
  <system-out/>
  <testcase classname="com.testing.BTech" name="ece" time="0.001"/>
  <system-out/>
  <testcase classname="com.testing.BTech" name="me" time="0.005"/>
  <system-out/>
  <testcase classname="com.testing.BTech" name="ce" time="0.029"/>
  <system-out/>
</testsuite> <!-- com.testing.BTech -->
