<?xml version="1.0" encoding="UTF-8"?>
<!-- Generated by org.testng.reporters.JUnitReportReporter -->
<testsuite hostname="Srinivas" failures="0" tests="1" name="com.testing.Mba" time="0.012" errors="0" timestamp="2021-09-03T08:01:36 IST" skipped="0">
  <testcase classname="com.testing.Mba" name="marketing" time="0.012"/>
  <system-out/>
</testsuite> <!-- com.testing.Mba -->
