<?xml version="1.0" encoding="UTF-8"?>
<!-- Generated by org.testng.reporters.JUnitReportReporter -->
<testsuite hostname="Srinivas" failures="0" tests="5" name="com.testng.Experiment_1" time="0.022" errors="0" timestamp="2022-01-12T09:36:15 IST" skipped="0">
  <testcase classname="com.testng.Experiment_1" name="ce1" time="0.009"/>
  <system-out/>
  <testcase classname="com.testng.Experiment_1" name="ce3" time="0.002"/>
  <system-out/>
  <testcase classname="com.testng.Experiment_1" name="ce5" time="0.005"/>
  <system-out/>
  <testcase classname="com.testng.Experiment_1" name="ce2" time="0.003"/>
  <system-out/>
  <testcase classname="com.testng.Experiment_1" name="ce4" time="0.003"/>
  <system-out/>
</testsuite> <!-- com.testng.Experiment_1 -->
