<?xml version="1.0" encoding="UTF-8"?>
<!-- Generated by org.testng.reporters.JUnitReportReporter -->
<testsuite hostname="Srinivas" failures="0" tests="4" name="com.testing.Running" time="68.592" errors="0" timestamp="2021-09-05T20:27:21 IST" skipped="0">
  <testcase classname="com.testing.Running" name="Login" time="23.410"/>
  <system-out/>
  <testcase classname="com.testing.Running" name="Login" time="9.539"/>
  <system-out/>
  <testcase classname="com.testing.Running" name="AddEmployee" time="30.135"/>
  <system-out/>
  <testcase classname="com.testing.Running" name="AddEmployee" time="5.508"/>
  <system-out/>
</testsuite> <!-- com.testing.Running -->
