<?xml version="1.0" encoding="UTF-8"?>
<!-- Generated by org.testng.reporters.JUnitReportReporter -->
<testsuite hostname="Srinivas" failures="0" tests="4" name="com.testing.Experiment_1" time="0.022" errors="0" timestamp="2021-09-03T09:59:08 IST" skipped="0">
  <testcase classname="com.testing.Experiment_1" name="ce3" time="0.004"/>
  <system-out/>
  <testcase classname="com.testing.Experiment_1" name="ce2" time="0.002"/>
  <system-out/>
  <testcase classname="com.testing.Experiment_1" name="ce1" time="0.013"/>
  <system-out/>
  <testcase classname="com.testing.Experiment_1" name="ce4" time="0.003"/>
  <system-out/>
</testsuite> <!-- com.testing.Experiment_1 -->
