<?xml version="1.0" encoding="UTF-8"?>
<!-- Generated by org.testng.reporters.JUnitReportReporter -->
<testsuite hostname="Srinivas" failures="0" tests="5" name="com.testng.Degree" time="0.020" errors="0" timestamp="2021-12-09T11:51:32 IST" skipped="0">
  <testcase classname="com.testng.Degree" name="mpcs" time="0.002"/>
  <system-out>
    <![CDATA[Maths Physics Commerse and Science]]>
  </system-out>
  <testcase classname="com.testng.Degree" name="bcom" time="0.015"/>
  <system-out>
    <![CDATA[Bachelor in commerce]]>
  </system-out>
  <testcase classname="com.testng.Degree" name="bsc" time="0.001"/>
  <system-out>
    <![CDATA[Bachelor in Science]]>
  </system-out>
  <testcase classname="com.testng.Degree" name="mcom" time="0.001"/>
  <system-out>
    <![CDATA[Master in commerce]]>
  </system-out>
  <testcase classname="com.testng.Degree" name="bzc" time="0.001"/>
  <system-out>
    <![CDATA[Bachelor in Zoology]]>
  </system-out>
</testsuite> <!-- com.testng.Degree -->
