<?xml version="1.0" encoding="UTF-8"?>
<!-- Generated by org.testng.reporters.JUnitReportReporter -->
<testsuite hostname="Srinivas" failures="0" tests="1" name="com.testing.NewTest" time="0.012" errors="0" timestamp="2021-08-25T14:50:52 IST" skipped="0">
  <testcase classname="com.testing.NewTest" name="MyTesting" time="0.012"/>
  <system-out/>
</testsuite> <!-- com.testing.NewTest -->
