<?xml version="1.0" encoding="UTF-8"?>
<!-- Generated by org.testng.reporters.JUnitReportReporter -->
<testsuite hostname="Srinivas" failures="0" tests="2" name="com.testng.Mba" time="0.053" errors="0" timestamp="2022-01-11T15:08:35 IST" skipped="0">
  <testcase classname="com.testng.Mba" name="finance" time="0.050"/>
  <system-out/>
  <testcase classname="com.testng.Mba" name="marketing" time="0.003"/>
  <system-out/>
</testsuite> <!-- com.testng.Mba -->
