<?xml version="1.0" encoding="UTF-8"?>
<!-- Generated by org.testng.reporters.JUnitReportReporter -->
<testsuite hostname="Srinivas" failures="0" tests="3" name="com.com.testing.NewTest" time="0.018" errors="0" timestamp="2021-08-25T19:49:01 IST" skipped="0">
  <testcase classname="com.com.testing.NewTest" name="pim" time="0.003"/>
  <system-out>
    <![CDATA[This is PIM]]>
  </system-out>
  <testcase classname="com.com.testing.NewTest" name="login" time="0.011"/>
  <system-out>
    <![CDATA[This is Login]]>
  </system-out>
  <testcase classname="com.com.testing.NewTest" name="addEmployee" time="0.004"/>
  <system-out>
    <![CDATA[This is addEmployee]]>
  </system-out>
</testsuite> <!-- com.com.testing.NewTest -->
