<?xml version="1.0" encoding="UTF-8"?>
<!-- Generated by org.testng.reporters.JUnitReportReporter -->
<testsuite hostname="Srinivas" failures="0" tests="1" name="com.testing.BasicFlow" time="0.010" errors="0" timestamp="2021-11-12T16:19:58 IST" skipped="0">
  <testcase classname="com.testing.BasicFlow" name="MyTesting" time="0.010"/>
  <system-out/>
</testsuite> <!-- com.testing.BasicFlow -->
