<?xml version="1.0" encoding="UTF-8"?>
<!-- Generated by org.testng.reporters.JUnitReportReporter -->
<testsuite hostname="Srinivas" failures="0" tests="4" name="com.testng.Just" time="0.024" errors="0" timestamp="2022-01-09T09:00:55 IST" skipped="0">
  <testcase classname="com.testng.Just" name="method3" time="0.012"/>
  <system-out/>
  <testcase classname="com.testng.Just" name="method4" time="0.003"/>
  <system-out/>
  <testcase classname="com.testng.Just" name="method1" time="0.003"/>
  <system-out/>
  <testcase classname="com.testng.Just" name="method2" time="0.006"/>
  <system-out/>
</testsuite> <!-- com.testng.Just -->
