<?xml version="1.0" encoding="UTF-8"?>
<!-- Generated by org.testng.reporters.JUnitReportReporter -->
<testsuite hostname="Srinivas" failures="0" tests="3" name="com.testing.Experiment_2" time="0.005" errors="0" timestamp="2021-09-03T09:59:08 IST" skipped="0">
  <testcase classname="com.testing.Experiment_2" name="ee1" time="0.001"/>
  <system-out/>
  <testcase classname="com.testing.Experiment_2" name="ee4" time="0.002"/>
  <system-out/>
  <testcase classname="com.testing.Experiment_2" name="ee3" time="0.002"/>
  <system-out/>
</testsuite> <!-- com.testing.Experiment_2 -->
