<?xml version="1.0" encoding="UTF-8"?>
<!-- Generated by org.testng.reporters.JUnitReportReporter -->
<testsuite hostname="Srinivas" failures="0" tests="5" name="com.testing.Temporary" time="0.024" errors="0" timestamp="2021-09-02T14:40:25 IST" skipped="0">
  <testcase classname="com.testing.Temporary" name="pawanKalyan" time="0.012"/>
  <system-out>
    <![CDATA[Khushi]]>
  </system-out>
  <testcase classname="com.testing.Temporary" name="maheshBabu" time="0.003"/>
  <system-out>
    <![CDATA[Pokiri]]>
  </system-out>
  <testcase classname="com.testing.Temporary" name="jrNtr" time="0.005"/>
  <system-out>
    <![CDATA[Simhadhri]]>
  </system-out>
  <testcase classname="com.testing.Temporary" name="raviteja" time="0.002"/>
  <system-out>
    <![CDATA[Idiot]]>
  </system-out>
  <testcase classname="com.testing.Temporary" name="prabhas" time="0.002"/>
  <system-out>
    <![CDATA[Varsham]]>
  </system-out>
</testsuite> <!-- com.testing.Temporary -->
