<?xml version="1.0" encoding="UTF-8"?>
<!-- Generated by org.testng.reporters.JUnitReportReporter -->
<testsuite hostname="Srinivas" failures="0" tests="6" name="com.testing.DataProviderEx" time="0.020" errors="0" timestamp="2021-09-04T12:00:29 IST" skipped="0">
  <testcase classname="com.testing.DataProviderEx" name="getOtherNames" time="0.003"/>
  <system-out>
    <![CDATA[Kedar
Suraj]]>
  </system-out>
  <testcase classname="com.testing.DataProviderEx" name="getOtherNames" time="0.004"/>
  <system-out>
    <![CDATA[Miriyala
Shiva]]>
  </system-out>
  <testcase classname="com.testing.DataProviderEx" name="getNames" time="0.002"/>
  <system-out>
    <![CDATA[Thummanapelly
Venkatesh]]>
  </system-out>
  <testcase classname="com.testing.DataProviderEx" name="getNames" time="0.002"/>
  <system-out>
    <![CDATA[Salla
Jogishwar]]>
  </system-out>
  <testcase classname="com.testing.DataProviderEx" name="getNames" time="0.007"/>
  <system-out>
    <![CDATA[Pilli
Adithya]]>
  </system-out>
  <testcase classname="com.testing.DataProviderEx" name="getOtherNames" time="0.002"/>
  <system-out>
    <![CDATA[Arla
Suresh]]>
  </system-out>
</testsuite> <!-- com.testing.DataProviderEx -->
