<?xml version="1.0" encoding="UTF-8"?>
<!-- Generated by org.testng.reporters.JUnitReportReporter -->
<testsuite hostname="Srinivas" failures="0" tests="3" name="com.testing.Degree" time="0.012" errors="0" timestamp="2021-09-03T08:01:36 IST" skipped="0">
  <testcase classname="com.testing.Degree" name="mpcs" time="0.007"/>
  <system-out>
    <![CDATA[Maths Physics Commerse and Science]]>
  </system-out>
  <testcase classname="com.testing.Degree" name="bcom" time="0.003"/>
  <system-out>
    <![CDATA[Bachelor in commerce]]>
  </system-out>
  <testcase classname="com.testing.Degree" name="bzc" time="0.002"/>
  <system-out>
    <![CDATA[Bachelor in Zoology]]>
  </system-out>
</testsuite> <!-- com.testing.Degree -->
